<?xml version="1.0" encoding="UTF-8"?>
<!-- Generated by org.testng.reporters.JUnitReportReporter -->
<testsuite hostname="Sudarsans-MBP.lan" failures="0" tests="2" name="runner.Runner" time="28.087" errors="0" timestamp="2022-12-04T20:59:33 CST" skipped="0">
  <testcase classname="runner.Runner" name="runScenario" time="16.664"/>
  <system-out/>
  <testcase classname="runner.Runner" name="runScenario" time="11.423"/>
  <system-out/>
</testsuite> <!-- runner.Runner -->
